PHPPHP\PHP::executeFile,D:\codes\php\PHPPHP\test\globa2.php
D:\codes\php\PHPPHP\lib\PHPPHP\PHP.php:93:
class PHPPHP\Engine\OpArray#2690 (8) {
  protected $opLines =>
  array(4) {
    [0] =>
    class PHPPHP\Engine\OpLines\Assign#9230 (6) {
      public $dim =>
      NULL
      public $property =>
      NULL
      public $op1 =>
      class PHPPHP\Engine\Zval\Ptr#9229 (1) {
        ...
      }
      public $op2 =>
      class PHPPHP\Engine\Zval\Ptr#9231 (1) {
        ...
      }
      public $result =>
      NULL
      public $lineno =>
      int(3)
    }
    [1] =>
    class PHPPHP\Engine\OpLines\InitFCallByName#9235 (4) {
      public $op1 =>
      NULL
      public $op2 =>
      class PHPPHP\Engine\Zval\Ptr#9236 (1) {
        ...
      }
      public $result =>
      NULL
      public $lineno =>
      int(14)
    }
    [2] =>
    class PHPPHP\Engine\OpLines\FunctionCall#9238 (4) {
      public $op1 =>
      NULL
      public $op2 =>
      NULL
      public $result =>
      class PHPPHP\Engine\Zval\Ptr#9240 (1) {
        ...
      }
      public $lineno =>
      int(14)
    }
    [3] =>
    class PHPPHP\Engine\OpLines\ReturnOp#9241 (4) {
      public $op1 =>
      NULL
      public $op2 =>
      NULL
      public $result =>
      NULL
      public $lineno =>
      int(14)
    }
  }
  protected $numOps =>
  int(4)
  protected $compiledVariables =>
  array(1) {
    [0] =>
    class PHPPHP\Engine\Zval\Variable#9232 (5) {
      protected $name =>
      class PHPPHP\Engine\Zval\Ptr#9233 (1) {
        ...
      }
      protected $class =>
      NULL
      protected $zval =>
      NULL
      protected $executor =>
      NULL
      public $scope =>
      int(1)
    }
  }
  protected $executor =>
  NULL
  protected $breakContinueInfo =>
  array(0) {
  }
  protected $currentBCPos =>
  int(-1)
  protected $numBC =>
  int(0)
  protected $fileName =>
  string(35) "D:\codes\php\PHPPHP\test\globa2.php"
}
