PHPPHP\PHP::executeFile,D:\codes\php\PHPPHP\test\globa2.php
D:\codes\php\PHPPHP\lib\PHPPHP\Engine\Executor.php:111:
class PHPParser_Node_Stmt_Function#2895 (2) {
  protected $subNodes =>
  array(5) {
    'byRef' =>
    bool(false)
    'params' =>
    array(0) {
    }
    'stmts' =>
    array(6) {
      [0] =>
      class PHPParser_Node_Expr_Assign#2894 (2) {
        ...
      }
      [1] =>
      class PHPParser_Node_Expr_FuncCall#2875 (2) {
        ...
      }
      [2] =>
      class PHPParser_Node_Stmt_Global#2722 (2) {
        ...
      }
      [3] =>
      class PHPParser_Node_Expr_FuncCall#2690 (2) {
        ...
      }
      [4] =>
      class PHPParser_Node_Stmt_Static#2686 (2) {
        ...
      }
      [5] =>
      class PHPParser_Node_Stmt_If#2684 (2) {
        ...
      }
    }
    'name' =>
    string(2) "aa"
    'namespacedName' =>
    class PHPParser_Node_Name#2641 (2) {
      protected $subNodes =>
      array(1) {
        ...
      }
      protected $attributes =>
      array(2) {
        ...
      }
    }
  }
  protected $attributes =>
  array(2) {
    'startLine' =>
    int(4)
    'endLine' =>
    int(19)
  }
}
